<?xml version="1.0" encoding="utf-8"?><testsuites><testsuite name="pytest" errors="0" failures="0" skipped="0" tests="4" time="0.126" timestamp="2023-11-10T11:49:46.029347" hostname="fv-az1234-250"><testcase classname="tests.test_calculator" name="test_add" time="0.002" /><testcase classname="tests.test_calculator" name="test_sub" time="0.001" /><testcase classname="tests.test_calculator" name="test_mul" time="0.001" /><testcase classname="tests.test_calculator" name="test_div" time="0.001" /></testsuite></testsuites>